<?xml version="1.0" encoding="UTF-8"?>
<persistence version="2.0" xmlns="http://java.sun.com/xml/ns/persistence"
    xmlns:xsi="http://www.w3.org/2001/XMLSchema-instance"
    xsi:schemaLocation="
        http://java.sun.com/xml/ns/persistence
        http://java.sun.com/xml/ns/persistence/persistence_2_0.xsd">

    <persistence-unit name="se.kth_IV1201Projekt" transaction-type="JTA">
        <jta-data-source>jdbc/asdb</jta-data-source>
        <!-- exclude-unlisted-classes>false</exclude-unlisted-classes -->
        <class>se.kth.iv1201projekt.integration.model.Person</class>
        <class>se.kth.iv1201projekt.integration.model.User</class>
        <class>se.kth.iv1201projekt.integration.model.Availability</class>
        <class>se.kth.iv1201projekt.integration.model.Competence</class>
        <class>se.kth.iv1201projekt.integration.model.CompetenceProfile</class>
        <class>se.kth.iv1201projekt.integration.model.Job</class>
        <class>se.kth.iv1201projekt.integration.model.Role</class>
    </persistence-unit>
</persistence>